<?xml version="1.0" encoding="UTF-8"?>
<!-- Generated by org.testng.reporters.JUnitXMLReporter -->
<testsuite ignored="0" hostname="L505613" failures="1" tests="4" name="Application test" time="0.043" errors="0" timestamp="25 Apr 2020 10:31:32 GMT">
  <testcase classname="TestNGTest.TestNGTestClass" name="Test2" time="0.004"/>
  <testcase classname="TestNGTest.TestNGTestClass" name="Test3" time="0.001"/>
  <testcase classname="TestNGTest.TestNGTestClass" name="Test4" time="0.001"/>
  <testcase classname="TestNGTest.TestNGTestClass" name="sum" time="0.0">
    <failure type="org.testng.TestNGException" message="
Parameter &amp;apos;Employeename&amp;apos; is required by @Test on method sum but has not been marked @Optional or defined
in C:\Users\nayana.raghu\eclipse-workspace\SeleniumTutorial\src\TestNGTest\TestNGTestclass.xml">
      <![CDATA[org.testng.TestNGException: 
Parameter 'Employeename' is required by @Test on method sum but has not been marked @Optional or defined
in C:\Users\nayana.raghu\eclipse-workspace\SeleniumTutorial\src\TestNGTest\TestNGTestclass.xml
... Removed 24 stack frames]]>
    </failure>
  </testcase> <!-- sum -->
</testsuite> <!-- Application test -->
